<?xml version="1.0" encoding="UTF-8"?>
<testsuite xmlns:xsi="http://www.w3.org/2001/XMLSchema-instance" xsi:noNamespaceSchemaLocation="https://maven.apache.org/surefire/maven-surefire-plugin/xsd/surefire-test-report-3.0.xsd" version="3.0" name="org.acme.TestAgeRestriction" time="15.772" tests="1" errors="0" skipped="0" failures="0">
  <properties>
[...]
</properties>
  <testcase name="testUnderage" classname="org.acme.TestAgeRestriction" time="6.702">
    <system-out><![CDATA[2023-11-10 14:49:29,485 INFO  [org.tes.doc.DockerClientProviderStrategy] (build-35) Loaded org.testcontainers.dockerclient.UnixSocketClientProviderStrategy from ~/.testcontainers.properties, will try it first
2023-11-10 14:49:29,659 INFO  [io.qua.sma.dep.processor] (build-27) Generating Jackson serializer for type org.acme.Customer
2023-11-10 14:49:30,046 INFO  [org.tes.doc.DockerClientProviderStrategy] (build-35) Found Docker environment with local Unix socket (unix:///var/run/docker.sock)
2023-11-10 14:49:30,048 INFO  [org.tes.DockerClientFactory] (build-35) Docker host IP address is localhost
2023-11-10 14:49:30,077 INFO  [org.tes.DockerClientFactory] (build-35) Connected to docker: 
  Server Version: 24.0.7
  API Version: 1.43
  Operating System: Ubuntu 22.04.3 LTS
  Total Memory: 24503 MB
2023-11-10 14:49:30,095 INFO  [org.tes.uti.ImageNameSubstitutor] (build-35) Image name substitution will be performed by: DefaultImageNameSubstitutor (composite of 'ConfigurationFileImageNameSubstitutor' and 'PrefixingImageNameSubstitutor')
2023-11-10 14:49:30,097 INFO  [org.tes.DockerClientFactory] (build-35) Checking the system...
2023-11-10 14:49:30,098 INFO  [org.tes.DockerClientFactory] (build-35) ✔︎ Docker server version should be at least 1.6.0
2023-11-10 14:49:30,178 INFO  [🐳 .io/.3.4]] (build-35) Creating container for image: docker.io/vectorized/redpanda:v22.3.4
2023-11-10 14:49:30,184 INFO  [org.tes.uti.RegistryAuthLocator] (build-35) Failure when attempting to lookup auth config. Please ignore if you don't have images in an authenticated registry. Details: (dockerImageName: docker.io/vectorized/redpanda:v22.3.4, configFile: /home/qxz4h3n/.docker/config.json. Falling back to docker-java default behaviour. Exception message: /home/qxz4h3n/.docker/config.json (No such file or directory)
2023-11-10 14:49:30,199 INFO  [🐳 .3.4]] (build-35) Creating container for image: testcontainers/ryuk:0.3.4
2023-11-10 14:49:30,199 INFO  [org.tes.uti.RegistryAuthLocator] (build-35) Failure when attempting to lookup auth config. Please ignore if you don't have images in an authenticated registry. Details: (dockerImageName: testcontainers/ryuk:0.3.4, configFile: /home/qxz4h3n/.docker/config.json. Falling back to docker-java default behaviour. Exception message: /home/qxz4h3n/.docker/config.json (No such file or directory)
2023-11-10 14:49:30,313 INFO  [🐳 .3.4]] (build-35) Container testcontainers/ryuk:0.3.4 is starting: 4f84364307cf17aac015bf83d3223a124bef005d10689f05579ec1c77608c1d1
2023-11-10 14:49:30,753 INFO  [🐳 .3.4]] (build-35) Container testcontainers/ryuk:0.3.4 started in PT0.5581S
2023-11-10 14:49:30,933 INFO  [🐳 .io/.3.4]] (build-35) Container docker.io/vectorized/redpanda:v22.3.4 is starting: 57f6c1e7c88e009fca4a101dedde292441f7796aea1d87f2fea6693bd94a348e
2023-11-10 14:49:32,155 INFO  [🐳 .io/.3.4]] (build-35) Container docker.io/vectorized/redpanda:v22.3.4 started in PT2.049073S
2023-11-10 14:49:32,159 INFO  [io.qua.kaf.cli.dep.DevServicesKafkaProcessor] (build-35) Dev Services for Kafka started. Other Quarkus applications in dev mode will find the broker automatically. For Quarkus applications in production mode, you can connect to this by starting your application with -Dkafka.bootstrap.servers=OUTSIDE://localhost:32851
2023-11-10 14:49:32,369 INFO  [org.tes.uti.ImageNameSubstitutor] (main) Image name substitution will be performed by: DefaultImageNameSubstitutor (composite of 'ConfigurationFileImageNameSubstitutor' and 'PrefixingImageNameSubstitutor')
2023-11-10 14:49:32,391 INFO  [org.tes.doc.DockerClientProviderStrategy] (pool-3-thread-1) Loaded org.testcontainers.dockerclient.UnixSocketClientProviderStrategy from ~/.testcontainers.properties, will try it first
2023-11-10 14:49:32,718 INFO  [org.tes.doc.DockerClientProviderStrategy] (pool-3-thread-1) Found Docker environment with local Unix socket (unix:///var/run/docker.sock)
2023-11-10 14:49:32,719 INFO  [org.tes.DockerClientFactory] (pool-3-thread-1) Docker host IP address is localhost
2023-11-10 14:49:32,736 INFO  [org.tes.DockerClientFactory] (pool-3-thread-1) Connected to docker: 
  Server Version: 24.0.7
  API Version: 1.43
  Operating System: Ubuntu 22.04.3 LTS
  Total Memory: 24503 MB
2023-11-10 14:49:32,759 INFO  [🐳 .3.4]] (pool-3-thread-1) Creating container for image: testcontainers/ryuk:0.3.4
2023-11-10 14:49:32,777 INFO  [org.tes.uti.RegistryAuthLocator] (pool-3-thread-1) Failure when attempting to lookup auth config. Please ignore if you don't have images in an authenticated registry. Details: (dockerImageName: testcontainers/ryuk:0.3.4, configFile: /home/qxz4h3n/.docker/config.json. Falling back to docker-java default behaviour. Exception message: /home/qxz4h3n/.docker/config.json (No such file or directory)
2023-11-10 14:49:32,896 INFO  [🐳 .3.4]] (pool-3-thread-1) Container testcontainers/ryuk:0.3.4 is starting: 80ff435f8968b7596ec9f6f5afcf4873bed6fb395eb007b9ab94c4f81ea7993d
2023-11-10 14:49:33,332 INFO  [🐳 .3.4]] (pool-3-thread-1) Container testcontainers/ryuk:0.3.4 started in PT0.59191S
2023-11-10 14:49:33,338 INFO  [org.tes.uti.RyukResourceReaper] (pool-3-thread-1) Ryuk started - will monitor and terminate Testcontainers containers on JVM exit
2023-11-10 14:49:33,339 INFO  [org.tes.DockerClientFactory] (pool-3-thread-1) Checking the system...
2023-11-10 14:49:33,339 INFO  [org.tes.DockerClientFactory] (pool-3-thread-1) ✔︎ Docker server version should be at least 1.6.0
2023-11-10 14:49:33,339 INFO  [🐳 .red.com/redpandadata/redpanda:latest]] (pool-3-thread-1) Creating container for image: docker.redpanda.com/redpandadata/redpanda:latest
2023-11-10 14:49:33,340 INFO  [org.tes.uti.RegistryAuthLocator] (pool-3-thread-1) Failure when attempting to lookup auth config. Please ignore if you don't have images in an authenticated registry. Details: (dockerImageName: docker.redpanda.com/redpandadata/redpanda:latest, configFile: /home/qxz4h3n/.docker/config.json. Falling back to docker-java default behaviour. Exception message: /home/qxz4h3n/.docker/config.json (No such file or directory)
2023-11-10 14:49:33,370 INFO  [🐳 .red.com/redpandadata/redpanda:latest]] (pool-3-thread-1) Container docker.redpanda.com/redpandadata/redpanda:latest is starting: 6819c09428aea02146774335bad1ebaba814284a836fcc1c151bc3c7b854de44
2023-11-10 14:49:34,441 INFO  [🐳 .red.com/redpandadata/redpanda:latest]] (pool-3-thread-1) Container docker.redpanda.com/redpandadata/redpanda:latest started in PT1.102365S
2023-11-10 14:49:34,775 INFO  [io.sma.rea.mes.kafka] (main) SRMSG18229: Configured topics for channel 'customers': [customers]
2023-11-10 14:49:35,077 INFO  [io.sma.rea.mes.kafka] (main) SRMSG18229: Configured topics for channel 'underagein': [underage]
2023-11-10 14:49:35,082 INFO  [io.sma.rea.mes.kafka] (main) SRMSG18214: Key deserializer omitted, using String as default
2023-11-10 14:49:35,126 INFO  [io.sma.rea.mes.kafka] (smallrye-kafka-producer-thread-0) SRMSG18258: Kafka producer kafka-producer-customers-queue, connected to Kafka brokers 'PLAINTEXT://localhost:32853', is configured to write records to 'customers'
2023-11-10 14:49:35,143 INFO  [io.sma.rea.mes.kafka] (smallrye-kafka-producer-thread-1) SRMSG18258: Kafka producer kafka-producer-underage, connected to Kafka brokers 'PLAINTEXT://localhost:32853', is configured to write records to 'underage'
2023-11-10 14:49:35,155 WARN  [io.sma.rea.mes.provider] (main) SRMSG00207: Some components are not connected to either downstream consumers or upstream producers:
	- OutgoingConnector{channel:'customers-queue', attribute:'mp.messaging.outgoing.customers-queue'} has no upstream

2023-11-10 14:49:35,186 INFO  [io.sma.rea.mes.kafka] (smallrye-kafka-consumer-thread-0) SRMSG18257: Kafka consumer kafka-consumer-customers, connected to Kafka brokers 'PLAINTEXT://localhost:32853', belongs to the 'redpanda-test' consumer group and is configured to poll records from [customers]
2023-11-10 14:49:35,187 INFO  [io.quarkus] (main) redpanda-test 1.0.0-SNAPSHOT on JVM (powered by Quarkus 2.16.3.Final) started in 7.074s. 
2023-11-10 14:49:35,188 INFO  [io.quarkus] (main) Profile test activated. 
2023-11-10 14:49:35,188 INFO  [io.quarkus] (main) Installed features: [cdi, kafka-client, smallrye-context-propagation, smallrye-reactive-messaging, smallrye-reactive-messaging-kafka, vertx]
2023-11-10 14:49:35,188 INFO  [io.sma.rea.mes.kafka] (smallrye-kafka-consumer-thread-1) SRMSG18257: Kafka consumer kafka-consumer-underagein, connected to Kafka brokers 'PLAINTEXT://localhost:32853', belongs to the 'redpanda-test' consumer group and is configured to poll records from [underage]
2023-11-10 14:49:35,686 INFO  [org.acm.AgeRestrict] (main) Sending customer records
2023-11-10 14:49:40,742 INFO  [org.acm.AgeRestrict] (main) Consuming underage  customer records.....
2023-11-10 14:49:41,758 INFO  [org.acm.AgeRestrict] (main) Retry fetch:[0] expected record:[2]: retry:[1]
2023-11-10 14:49:41,841 INFO  [io.sma.rea.mes.kafka] (vert.x-eventloop-thread-0) SRMSG18256: Initialize record store for topic-partition 'customers-0' at position -1.
2023-11-10 14:49:41,864 INFO  [org.acm.AgeRestrict] (vert.x-eventloop-thread-0) Filtering a customer: Customer --> id:[101] name:[Abby] age:[17]
2023-11-10 14:49:41,879 INFO  [org.acm.AgeRestrict] (vert.x-eventloop-thread-0) Filtering a customer: Customer --> id:[202] name:[Brooke] age:[33]
2023-11-10 14:49:41,886 INFO  [org.acm.AgeRestrict] (vert.x-eventloop-thread-0) Filtering a customer: Customer --> id:[303] name:[Crystal] age:[31]
2023-11-10 14:49:41,886 INFO  [org.acm.AgeRestrict] (vert.x-eventloop-thread-0) Filtering a customer: Customer --> id:[404] name:[Diana] age:[29]
2023-11-10 14:49:41,887 INFO  [org.acm.AgeRestrict] (vert.x-eventloop-thread-0) Filtering a customer: Customer --> id:[505] name:[Ellis] age:[14]
2023-11-10 14:49:41,888 INFO  [org.acm.AgeRestrict] (vert.x-eventloop-thread-0) Filtering a customer: Customer --> id:[606] name:[Fiona] age:[33]
2023-11-10 14:49:41,889 INFO  [org.acm.AgeRestrict] (vert.x-eventloop-thread-0) Filtering a customer: Customer --> id:[707] name:[Gabby] age:[32]
2023-11-10 14:49:41,889 INFO  [org.acm.AgeRestrict] (vert.x-eventloop-thread-0) Filtering a customer: Customer --> id:[808] name:[Hannah] age:[29]
2023-11-10 14:49:41,889 INFO  [org.acm.AgeRestrict] (main) Retry fetch:[1] expected record:[2]: retry:[2]
2023-11-10 14:49:41,890 INFO  [org.acm.AgeRestrict] (main) Retry fetch:[2] expected record:[2]: retry:[3]
2023-11-10 14:49:41,891 INFO  [org.acm.AgeRestrict] (main) Underage consumed records:2
2023-11-10 14:49:41,891 INFO  [org.acm.AgeRestrict] (main) --->Customer --> id:[101] name:[Abby] age:[17]
2023-11-10 14:49:41,891 INFO  [org.acm.AgeRestrict] (main) --->Customer --> id:[505] name:[Ellis] age:[14]
2023-11-10 14:49:41,899 INFO  [io.sma.rea.mes.kafka] (vert.x-eventloop-thread-1) SRMSG18256: Initialize record store for topic-partition 'underage-0' at position -1.
2023-11-10 14:49:41,899 INFO  [org.acm.AgeRestrict] (vert.x-eventloop-thread-1) !!Got an underage customer: Customer --> id:[101] name:[Abby] age:[17]
2023-11-10 14:49:41,900 INFO  [org.acm.AgeRestrict] (vert.x-eventloop-thread-1) !!Got an underage customer: Customer --> id:[505] name:[Ellis] age:[14]
]]></system-out>
  </testcase>
</testsuite>